<?xml version="1.0" encoding="UTF-8"?>
<testng-results ignored="0" total="1" passed="1" failed="0" skipped="0">
  <reporter-output>
  </reporter-output>
  <suite started-at="2024-12-09T10:49:45 IST" name="Default suite" finished-at="2024-12-09T10:49:56 IST" duration-ms="10116">
    <groups>
    </groups>
    <test started-at="2024-12-09T10:49:45 IST" name="Default test" finished-at="2024-12-09T10:49:56 IST" duration-ms="10116">
      <class name="testNG.Script">
        <test-method signature="signup()[pri:0, instance:testNG.Script@3f6b0be5]" started-at="2024-12-09T10:49:46 IST" name="signup" finished-at="2024-12-09T10:49:56 IST" duration-ms="10071" status="PASS">
          <reporter-output>
          </reporter-output>
        </test-method> <!-- signup -->
      </class> <!-- testNG.Script -->
    </test> <!-- Default test -->
  </suite> <!-- Default suite -->
</testng-results>
